<?xml version="1.0" encoding="UTF-8"?>
<!-- Generated by org.testng.reporters.JUnitXMLReporter -->
<testsuite hostname="EG5CG9024YKL" ignored="8" name="test" tests="7" failures="1" timestamp="2020-03-30T22:37:47 EET" time="25.215" errors="0">
  <testcase name="signUpProcess" time="3.653" classname="test.SignUpTest"/>
  <testcase name="logOut" time="2.585" classname="test.SignUpTest"/>
  <testcase name="signUpProcess" time="5.361" classname="test.LoginTest"/>
  <testcase name="logOut" time="2.737" classname="test.LoginTest"/>
  <testcase name="login" time="0.389" classname="test.LoginTest"/>
  <testcase name="validateEmail" time="5.545" classname="test.MailValidationTest"/>
  <testcase name="validateName" time="4.422" classname="test.NameValidationTest">
    <failure type="java.lang.AssertionError" message="expected [false] but found [true]">
      <![CDATA[java.lang.AssertionError: expected [false] but found [true]
at test.NameValidationTest.validateName(NameValidationTest.java:37)
at java.util.ArrayList.forEach(Unknown Source)
... Removed 32 stack frames]]>
    </failure>
  </testcase> <!-- validateName -->
  <testcase name="@BeforeSuite startDriver" time="0.0" classname="test.TestBase">
    <ignored/>
  </testcase> <!-- @BeforeSuite startDriver -->
  <testcase name="@BeforeSuite startDriver" time="0.0" classname="test.TestBase">
    <ignored/>
  </testcase> <!-- @BeforeSuite startDriver -->
  <testcase name="@BeforeSuite startDriver" time="0.0" classname="test.TestBase">
    <ignored/>
  </testcase> <!-- @BeforeSuite startDriver -->
  <testcase name="@BeforeSuite startDriver" time="0.0" classname="test.TestBase">
    <ignored/>
  </testcase> <!-- @BeforeSuite startDriver -->
  <testcase name="@AfterSuite stopDriver" time="0.0" classname="test.TestBase">
    <ignored/>
  </testcase> <!-- @AfterSuite stopDriver -->
  <testcase name="@AfterSuite stopDriver" time="0.0" classname="test.TestBase">
    <ignored/>
  </testcase> <!-- @AfterSuite stopDriver -->
  <testcase name="@AfterSuite stopDriver" time="0.0" classname="test.TestBase">
    <ignored/>
  </testcase> <!-- @AfterSuite stopDriver -->
  <testcase name="@AfterSuite stopDriver" time="0.0" classname="test.TestBase">
    <ignored/>
  </testcase> <!-- @AfterSuite stopDriver -->
</testsuite> <!-- test -->
